<?xml version="1.0" encoding="UTF-8"?>
<!-- Generated by org.testng.reporters.JUnitReportReporter -->
<testsuite skipped="0" hostname="XIPL91277" name="pomFramework.Tests.Framework1" tests="1" failures="0" timestamp="10 Feb 2023 17:10:40 GMT" time="12.842" errors="0">
  <testcase name="submitOrder" time="12.842" classname="pomFramework.Tests.Framework1"/>
</testsuite> <!-- pomFramework.Tests.Framework1 -->
