<?xml version="1.0" encoding="UTF-8"?>
<!-- Generated by org.testng.reporters.JUnitReportReporter -->
<testsuite skipped="0" hostname="XIPL91277" name="pomFramework.Tests.Framework1" tests="1" failures="0" timestamp="06 Feb 2023 07:04:58 GMT" time="9.098" errors="0">
  <testcase name="submitOrder" time="9.098" classname="pomFramework.Tests.Framework1"/>
</testsuite> <!-- pomFramework.Tests.Framework1 -->
