<?xml version="1.0" encoding="UTF-8"?>
<!-- Generated by org.testng.reporters.JUnitReportReporter -->
<testsuite skipped="0" hostname="XIPL91277" name="pomFramework.Tests.Framework1" tests="2" failures="0" timestamp="17 Feb 2023 07:01:51 GMT" time="41.732" errors="0">
  <testcase name="submitOrder" time="32.685" classname="pomFramework.Tests.Framework1"/>
  <testcase name="submitOrder" time="9.047" classname="pomFramework.Tests.Framework1"/>
</testsuite> <!-- pomFramework.Tests.Framework1 -->
