<?xml version="1.0" encoding="UTF-8"?>
<!-- Generated by org.testng.reporters.JUnitReportReporter -->
<testsuite skipped="0" hostname="XIPL91277" name="pomFramework.Tests.ErrorValidation" tests="2" failures="0" timestamp="14 Feb 2023 14:18:04 GMT" time="12.407" errors="0">
  <testcase name="LoginErrorValidation" time="5.421" classname="pomFramework.Tests.ErrorValidation"/>
  <testcase name="ProductErrorValidation" time="6.986" classname="pomFramework.Tests.ErrorValidation"/>
</testsuite> <!-- pomFramework.Tests.ErrorValidation -->
