<?xml version="1.0" encoding="UTF-8"?>
<!-- Generated by org.testng.reporters.JUnitReportReporter -->
<testsuite skipped="0" hostname="XIPL91277" name="pomFramework.Tests.Framework1" tests="2" failures="0" timestamp="10 Feb 2023 18:38:25 GMT" time="21.013" errors="0">
  <testcase name="submitOrder" time="7.911" classname="pomFramework.Tests.Framework1"/>
  <testcase name="submitOrder" time="13.102" classname="pomFramework.Tests.Framework1"/>
</testsuite> <!-- pomFramework.Tests.Framework1 -->
