<?xml version="1.0" encoding="UTF-8"?>
<!-- Generated by org.testng.reporters.JUnitReportReporter -->
<testsuite skipped="0" hostname="XIPL91277" name="pomFramework.Tests.Framework1" tests="2" failures="0" timestamp="14 Feb 2023 14:18:04 GMT" time="22.180" errors="0">
  <testcase name="submitOrder" time="13.687" classname="pomFramework.Tests.Framework1"/>
  <testcase name="submitOrder" time="8.493" classname="pomFramework.Tests.Framework1"/>
</testsuite> <!-- pomFramework.Tests.Framework1 -->
